<?xml version="1.0" encoding="UTF-8"?>
<!-- Generated by org.testng.reporters.JUnitReportReporter -->
<testsuite hostname="QT-Desktop" failures="0" tests="1" name="testRunners.TestRunner" time="86.624" errors="0" timestamp="2025-03-18T15:25:21 IST" skipped="0">
  <testcase classname="testRunners.TestRunner" name="runScenario" time="86.624"/>
</testsuite> <!-- testRunners.TestRunner -->
