<?xml version="1.0" encoding="UTF-8"?>
<!-- Generated by org.testng.reporters.JUnitReportReporter -->
<testsuite hostname="QT-Desktop" failures="0" tests="1" name="testRunners.TestRunner" time="41.601" errors="0" timestamp="2025-04-22T12:59:25 IST" skipped="0">
  <testcase classname="testRunners.TestRunner" name="runScenario" time="41.601"/>
</testsuite> <!-- testRunners.TestRunner -->
